v0.9.8.1 @2016-02-22
MQTT module:
      Fixed mqtt publish bug

v0.9.8 @2015-12-16
string lib Module:
      Add string.md5calc/md5 for md5 calculation

v0.9.7 @2015-12-14
Mico SDK Lib:
	  Update to SDK 2.4.0
WiFi module:
          Add easylink and airkiss function in wifi module
          Add sethostname/sethostname function
GPIO module: 
          Enhance GPIO interrupt code to avoid errors in its callback function
Timer module:
          Enhance Timer interrupt checking method
Uart module: 
          Use pushlstring for uart recieve data to avoid data missing
Net module:
          Improve TCP Client connect callback function
MQTT module:
          Use Mico mqtt lib(V0.1.2)
Others:   Rearrangement the source code files and folders
          Improve wifimcu upload function, LUA_MAXINPUT 128->512
          Support utf-8 charset
          Optimize WiFiMCU STUDIO upload file function
          Set init.lua or init.lc to start up
          Fix dofile bug in tmr/gpio
          Fix bootloader gpio initize bug,add compiling bootloader switch for MicoKit
      
V0.9.6 @2015-10-12
Solve system corrupt bug when reading file in callback function
Print version infomation when startup
      
V0.9.5@2015-9-5
  Release Integer and Float version
  Enable LTR function to save ram(48k free)
  Update logo
  Change exlibs, delete usb folder
  Repair package module bug
  Add tmr.delayus()
  Add sensor/bit module
  Add i2c module
  Add spi module
  Add mqtt(not work yet)

V0.9.4@2015-8-24
  repair wifi module bugs

V0.9.3@2015-8-18
  change the bootloader ymodem.c

V0.9.2@2015-8-10
  add uart/pwm/adc modules change
  change net module
  change the logo

V0.9.1@2015-7-26
  initial publish
  
www.wifmcu.com
www.doit.am
